WARN  2019-08-21 11:01:28 unity.iconloader IconLoader.cpp:756 Unable to load icon file:/// at size -1x22: Can't open directory

(process:2282): GLib-CRITICAL **: g_slice_set_config: assertion 'sys_page_size == 0' failed
2019-08-21 11:02:47	mail.provider	ERROR	Something went wrong loading the provider list JSON file. Going into offline mode.
2019-08-21 11:02:52	mail.provider	ERROR	Something went wrong loading the provider list JSON file. Going into offline mode.
javaldx: Could not find a Java Runtime Environment!
Warning: failed to read path from javaldx
W: Unknown node under /registry/extlang: deprecated
W: Unknown node under /registry/grandfathered: comments
W: Unknown node under /registry/grandfathered: comments

(soffice:2483): Gdk-WARNING **: gdk_window_set_icon_list: icons too large
W: Unknown node under /registry/extlang: deprecated
W: Unknown node under /registry/grandfathered: comments
W: Unknown node under /registry/grandfathered: comments

(soffice:2498): Gdk-WARNING **: gdk_window_set_icon_list: icons too large

(soffice:2498): Gdk-WARNING **: gdk_window_set_icon_list: icons too large

(soffice:2498): Gdk-WARNING **: gdk_window_set_icon_list: icons too large
javaldx: Could not find a Java Runtime Environment!
Warning: failed to read path from javaldx
W: Unknown node under /registry/extlang: deprecated
W: Unknown node under /registry/grandfathered: comments
W: Unknown node under /registry/grandfathered: comments

(soffice:2557): Gdk-WARNING **: gdk_window_set_icon_list: icons too large

(soffice:2557): Gdk-WARNING **: gdk_window_set_icon_list: icons too large

(soffice:2557): Gdk-WARNING **: gdk_window_set_icon_list: icons too large

(soffice:2557): Gdk-WARNING **: gdk_window_set_icon_list: icons too large
